<?xml version="1.0" encoding="UTF-8"?>
<testsuite xmlns:xsi="http://www.w3.org/2001/XMLSchema-instance" xsi:noNamespaceSchemaLocation="https://maven.apache.org/surefire/maven-surefire-plugin/xsd/surefire-test-report-3.0.xsd" version="3.0" name="TestSuite" time="114.402" tests="1" errors="0" skipped="0" failures="1">
  <properties>
[...]
</properties>
  <testcase name="runScenario[&quot;test as a Admin user&quot;, &quot;Optional[test]&quot;](1)" classname="com.bst.cucumber.CucumberTest" time="113.489">
    <failure message="Expected condition failed: waiting for element to no longer be visible: By.cssSelector: i.fa-spinner (tried for 100 second(s) with 200 milliseconds interval)" type="org.openqa.selenium.TimeoutException"><![CDATA[org.openqa.selenium.TimeoutException: Expected condition failed: waiting for element to no longer be visible: By.cssSelector: i.fa-spinner (tried for 100 second(s) with 200 milliseconds interval)
Caused by: org.openqa.selenium.NoSuchWindowException: 
no such window: target window already closed
from unknown error: web view not found
  (Session info: chrome=120.0.6099.217)
Build info: version: '3.141.59', revision: 'e82be7d358', time: '2018-11-14T08:17:03'
System info: host: 'NEW8', ip: '192.168.1.14', os.name: 'Windows 10', os.arch: 'amd64', os.version: '10.0', java.version: '1.8.0_202'
Driver info: org.openqa.selenium.chrome.ChromeDriver
Capabilities {acceptInsecureCerts: false, browserName: chrome, browserVersion: 120.0.6099.217, chrome: {chromedriverVersion: 120.0.6099.109 (3419140ab66..., userDataDir: C:\Users\Admin\AppData\Loca...}, fedcm:accounts: true, goog:chromeOptions: {debuggerAddress: localhost:53387}, javascriptEnabled: true, networkConnectionEnabled: false, pageLoadStrategy: normal, platform: WINDOWS, platformName: WINDOWS, proxy: Proxy(), setWindowRect: true, strictFileInteractability: false, timeouts: {implicit: 0, pageLoad: 300000, script: 30000}, unhandledPromptBehavior: dismiss and notify, webauthn:extension:credBlob: true, webauthn:extension:largeBlob: true, webauthn:extension:minPinLength: true, webauthn:extension:prf: true, webauthn:virtualAuthenticators: true}
Session ID: 3142cb4c704877aebb34aa8a571e88e0
*** Element info: {Using=css selector, value=i.fa-spinner}
]]></failure>
    <system-out><![CDATA[>>>>>>>>>>>>>> Prepare data before test suite run etc.
15:53:31.605 [TestNG-PoolService-0] DEBUG org.springframework.test.context.BootstrapUtils - Instantiating CacheAwareContextLoaderDelegate from class [org.springframework.test.context.cache.DefaultCacheAwareContextLoaderDelegate]
15:53:31.613 [TestNG-PoolService-0] DEBUG org.springframework.test.context.BootstrapUtils - Instantiating BootstrapContext using constructor [public org.springframework.test.context.support.DefaultBootstrapContext(java.lang.Class,org.springframework.test.context.CacheAwareContextLoaderDelegate)]
15:53:31.632 [TestNG-PoolService-0] DEBUG org.springframework.test.context.BootstrapUtils - Instantiating TestContextBootstrapper for test class [com.bst.base.BaseSteps] from class [org.springframework.boot.test.context.SpringBootTestContextBootstrapper]
15:53:31.642 [TestNG-PoolService-0] INFO org.springframework.boot.test.context.SpringBootTestContextBootstrapper - Neither @ContextConfiguration nor @ContextHierarchy found for test class [com.bst.base.BaseSteps], using SpringBootContextLoader
15:53:31.645 [TestNG-PoolService-0] DEBUG org.springframework.test.context.support.AbstractContextLoader - Did not detect default resource location for test class [com.bst.base.BaseSteps]: class path resource [com/bst/base/BaseSteps-context.xml] does not exist
15:53:31.646 [TestNG-PoolService-0] DEBUG org.springframework.test.context.support.AbstractContextLoader - Did not detect default resource location for test class [com.bst.base.BaseSteps]: class path resource [com/bst/base/BaseStepsContext.groovy] does not exist
15:53:31.646 [TestNG-PoolService-0] INFO org.springframework.test.context.support.AbstractContextLoader - Could not detect default resource locations for test class [com.bst.base.BaseSteps]: no resource found for suffixes {-context.xml, Context.groovy}.
15:53:31.673 [TestNG-PoolService-0] DEBUG org.springframework.test.context.support.ActiveProfilesUtils - Could not find an 'annotation declaring class' for annotation type [org.springframework.test.context.ActiveProfiles] and class [com.bst.base.BaseSteps]
15:53:31.776 [TestNG-PoolService-0] DEBUG org.springframework.boot.test.context.SpringBootTestContextBootstrapper - @TestExecutionListeners is not present for class [com.bst.base.BaseSteps]: using defaults.
15:53:31.776 [TestNG-PoolService-0] INFO org.springframework.boot.test.context.SpringBootTestContextBootstrapper - Loaded default TestExecutionListener class names from location [META-INF/spring.factories]: [org.springframework.boot.test.mock.mockito.MockitoTestExecutionListener, org.springframework.boot.test.mock.mockito.ResetMocksTestExecutionListener, org.springframework.boot.test.autoconfigure.restdocs.RestDocsTestExecutionListener, org.springframework.boot.test.autoconfigure.web.client.MockRestServiceServerResetTestExecutionListener, org.springframework.boot.test.autoconfigure.web.servlet.MockMvcPrintOnlyOnFailureTestExecutionListener, org.springframework.boot.test.autoconfigure.web.servlet.WebDriverTestExecutionListener, org.springframework.boot.test.autoconfigure.webservices.client.MockWebServiceServerTestExecutionListener, org.springframework.test.context.web.ServletTestExecutionListener, org.springframework.test.context.support.DirtiesContextBeforeModesTestExecutionListener, org.springframework.test.context.support.DependencyInjectionTestExecutionListener, org.springframework.test.context.support.DirtiesContextTestExecutionListener, org.springframework.test.context.transaction.TransactionalTestExecutionListener, org.springframework.test.context.jdbc.SqlScriptsTestExecutionListener, org.springframework.test.context.event.EventPublishingTestExecutionListener]
15:53:31.781 [TestNG-PoolService-0] DEBUG org.springframework.boot.test.context.SpringBootTestContextBootstrapper - Skipping candidate TestExecutionListener [org.springframework.test.context.web.ServletTestExecutionListener] due to a missing dependency. Specify custom listener classes or make the default listener classes and their required dependencies available. Offending class: [javax/servlet/ServletContext]
15:53:31.782 [TestNG-PoolService-0] DEBUG org.springframework.boot.test.context.SpringBootTestContextBootstrapper - Skipping candidate TestExecutionListener [org.springframework.test.context.transaction.TransactionalTestExecutionListener] due to a missing dependency. Specify custom listener classes or make the default listener classes and their required dependencies available. Offending class: [org/springframework/transaction/interceptor/TransactionAttributeSource]
15:53:31.783 [TestNG-PoolService-0] DEBUG org.springframework.boot.test.context.SpringBootTestContextBootstrapper - Skipping candidate TestExecutionListener [org.springframework.test.context.jdbc.SqlScriptsTestExecutionListener] due to a missing dependency. Specify custom listener classes or make the default listener classes and their required dependencies available. Offending class: [org/springframework/transaction/interceptor/TransactionAttribute]
15:53:31.783 [TestNG-PoolService-0] INFO org.springframework.boot.test.context.SpringBootTestContextBootstrapper - Using TestExecutionListeners: [org.springframework.test.context.support.DirtiesContextBeforeModesTestExecutionListener@32ee75ab, org.springframework.boot.test.mock.mockito.MockitoTestExecutionListener@3a4d4b98, org.springframework.boot.test.autoconfigure.SpringBootDependencyInjectionTestExecutionListener@1b27852e, org.springframework.test.context.support.DirtiesContextTestExecutionListener@1cfdfce3, org.springframework.test.context.event.EventPublishingTestExecutionListener@5d7f91fa, org.springframework.boot.test.mock.mockito.ResetMocksTestExecutionListener@dbe1046, org.springframework.boot.test.autoconfigure.restdocs.RestDocsTestExecutionListener@2a97ea2a, org.springframework.boot.test.autoconfigure.web.client.MockRestServiceServerResetTestExecutionListener@597e117f, org.springframework.boot.test.autoconfigure.web.servlet.MockMvcPrintOnlyOnFailureTestExecutionListener@78afbbeb, org.springframework.boot.test.autoconfigure.web.servlet.WebDriverTestExecutionListener@56eb898, org.springframework.boot.test.autoconfigure.webservices.client.MockWebServiceServerTestExecutionListener@103dc4a5]
15:53:31.799 [TestNG-PoolService-0] DEBUG org.springframework.test.context.support.TestPropertySourceUtils - Adding inlined properties to environment: {spring.jmx.enabled=false, org.springframework.boot.test.context.SpringBootTestContextBootstrapper=true}

  .   ____          _            __ _ _
 /\\ / ___'_ __ _ _(_)_ __  __ _ \ \ \ \
( ( )\___ | '_ | '_| | '_ \/ _` | \ \ \ \
 \\/  ___)| |_)| | | | | || (_| |  ) ) ) )
  '  |____| .__|_| |_|_| |_\__, | / / / /
 =========|_|==============|___/=/_/_/_/
 :: Spring Boot ::        (v2.3.4.RELEASE)

2024-01-12 15:53:31.954  INFO 8904 --- [G-PoolService-0] com.bst.base.BaseSteps                   : Starting BaseSteps on New8 with PID 8904 (C:\Users\Admin\Downloads\demo-automation\ui_AutomationBlack\target\classes started by Admin in C:\Users\Admin\Downloads\demo-automation\ui_AutomationBlack)
2024-01-12 15:53:31.955  INFO 8904 --- [G-PoolService-0] com.bst.base.BaseSteps                   : No active profile set, falling back to default profiles: default
2024-01-12 15:53:32.471  INFO 8904 --- [G-PoolService-0] f.a.AutowiredAnnotationBeanPostProcessor : Autowired annotation is not supported on static fields: private static final java.util.HashMap com.bst.configuration.sections.Environment.listOfUsers
2024-01-12 15:53:32.634  INFO 8904 --- [G-PoolService-0] com.bst.base.BaseSteps                   : Started BaseSteps in 0.833 seconds (JVM running for 2.01)
 ℹ &amp#27;[1;32m[TEST AUTOMATION CONFIGURATION SETTINGS]:&amp#27;[0m
&amp#27;[34m[Driver details]: DriverDetails(isHeadless=false, shouldHighlightElement=true, highlightColor=yellow, browserType=CHROME, os=WINDOWS, isIncognito=false, gridUrl=http://10.211.55.3:4444/wd/hub, isUsingGrid=false, listeners=[ConsolePrinterListener, HighlightListener], browserArguments=[], isDebugMode=false)&amp#27;[0m
&amp#27;[34m[Environment details]: Environment(url=http://y2tek-ui.dev-bot.y2tek.io/, name=y2teck, users=[admin/Shadab@123])&amp#27;[0m
&amp#27;[34m[Timeout details]: Timeout(implicit=320, explicit=500, poolingInterval=200, page=100)&amp#27;[0m
 ℹ &amp#27;[1;32m[OVERRIDDEN ARGUMENTS]:&amp#27;[0m

@home
Scenario: test as a Admin user         # src/test/java/com/bst/features/test.feature:4
2024-01-12 15:53:33.079  INFO 8904 --- [G-PoolService-0] i.g.bonigarcia.wdm.WebDriverManager      : Using chromedriver 120.0.6099.109 (resolved driver for Chrome 120)
2024-01-12 15:53:33.153  INFO 8904 --- [G-PoolService-0] i.g.bonigarcia.wdm.WebDriverManager      : Exporting webdriver.chrome.driver as C:\Users\Admin\.cache\selenium\chromedriver\win64\120.0.6099.109\chromedriver.exe
2024-01-12 15:53:35.431  INFO 8904 --- [ null to remote] o.o.selenium.remote.ProtocolHandshake    : Detected dialect: W3C
 ⚡ &amp#27;[1;33m[Starting scenario]: test as a Admin user&amp#27;[0m
&amp#27;[35mNavigating to: http://y2tek-ui.dev-bot.y2tek.io/&amp#27;[0m
&amp#27;[35mLooking for element: By.cssSelector: [class*='company-logo d-none']&amp#27;[0m
&amp#27;[35mElement By.cssSelector: [class*='company-logo d-none'] found&amp#27;[0m
2024-01-12 15:53:38.801  INFO 8904 --- [G-PoolService-0] com.bst.wait.ExplicitWait                : Waiting for element to be visible: [[ChromeDriver: chrome on WINDOWS (3142cb4c704877aebb34aa8a571e88e0)] -> css selector: [class*='company-logo d-none']]
2024-01-12 15:53:38.808  INFO 8904 --- [G-PoolService-0] com.bst.wait.ExplicitWait                : Waiting for invisibility of element: By.cssSelector: i.fa-spinner
2024-01-12 15:53:38.810  INFO 8904 --- [G-PoolService-0] com.bst.wait.ExplicitWait                : Implicit timeout is set to: 0
&amp#27;[35mLooking for element: By.cssSelector: i.fa-spinner&amp#27;[0m
2024-01-12 15:53:38.880  INFO 8904 --- [G-PoolService-0] com.bst.wait.ExplicitWait                : Implicit timeout is set to: 320
2024-01-12 15:53:38.889  INFO 8904 --- [G-PoolService-0] com.bst.wait.ExplicitWait                : Waiting for invisibility of element: By.cssSelector: .ag-overlay-loading-center
2024-01-12 15:53:38.889  INFO 8904 --- [G-PoolService-0] com.bst.wait.ExplicitWait                : Implicit timeout is set to: 0
&amp#27;[35mLooking for element: By.cssSelector: .ag-overlay-loading-center&amp#27;[0m
2024-01-12 15:53:38.927  INFO 8904 --- [G-PoolService-0] com.bst.wait.ExplicitWait                : Implicit timeout is set to: 320
2024-01-12 15:53:38.934  INFO 8904 --- [G-PoolService-0] com.bst.wait.ExplicitWait                : Waiting for invisibility of element: By.xpath: //*[@class='app-spinner']
2024-01-12 15:53:38.935  INFO 8904 --- [G-PoolService-0] com.bst.wait.ExplicitWait                : Implicit timeout is set to: 0
&amp#27;[35mLooking for element: By.xpath: //*[@class='app-spinner']&amp#27;[0m
2024-01-12 15:53:38.977  INFO 8904 --- [G-PoolService-0] com.bst.wait.ExplicitWait                : Implicit timeout is set to: 320
2024-01-12 15:53:39.017  INFO 8904 --- [G-PoolService-0] com.bst.wait.ExplicitWait                : Implicit timeout is set to: 0
&amp#27;[35mLooking for element: By.cssSelector: [class*='company-logo d-none']&amp#27;[0m
&amp#27;[35mElement By.cssSelector: [class*='company-logo d-none'] found&amp#27;[0m
2024-01-12 15:53:39.085  INFO 8904 --- [G-PoolService-0] com.bst.wait.ExplicitWait                : Implicit timeout is set to: 320
&amp#27;[35mLooking for element: By.name: username&amp#27;[0m
&amp#27;[35mElement By.name: username found&amp#27;[0m
2024-01-12 15:53:39.115  INFO 8904 --- [G-PoolService-0] com.bst.wait.ExplicitWait                : Waiting for element to be visible: [[ChromeDriver: chrome on WINDOWS (3142cb4c704877aebb34aa8a571e88e0)] -> name: username]
2024-01-12 15:53:39.115  INFO 8904 --- [G-PoolService-0] com.bst.wait.ExplicitWait                : Waiting for invisibility of element: By.cssSelector: i.fa-spinner
2024-01-12 15:53:39.115  INFO 8904 --- [G-PoolService-0] com.bst.wait.ExplicitWait                : Implicit timeout is set to: 0
&amp#27;[35mLooking for element: By.cssSelector: i.fa-spinner&amp#27;[0m
2024-01-12 15:53:39.142  INFO 8904 --- [G-PoolService-0] com.bst.wait.ExplicitWait                : Implicit timeout is set to: 320
2024-01-12 15:53:39.153  INFO 8904 --- [G-PoolService-0] com.bst.wait.ExplicitWait                : Waiting for invisibility of element: By.cssSelector: .ag-overlay-loading-center
2024-01-12 15:53:39.154  INFO 8904 --- [G-PoolService-0] com.bst.wait.ExplicitWait                : Implicit timeout is set to: 0
&amp#27;[35mLooking for element: By.cssSelector: .ag-overlay-loading-center&amp#27;[0m
2024-01-12 15:53:39.188  INFO 8904 --- [G-PoolService-0] com.bst.wait.ExplicitWait                : Implicit timeout is set to: 320
2024-01-12 15:53:39.200  INFO 8904 --- [G-PoolService-0] com.bst.wait.ExplicitWait                : Waiting for invisibility of element: By.xpath: //*[@class='app-spinner']
2024-01-12 15:53:39.200  INFO 8904 --- [G-PoolService-0] com.bst.wait.ExplicitWait                : Implicit timeout is set to: 0
&amp#27;[35mLooking for element: By.xpath: //*[@class='app-spinner']&amp#27;[0m
2024-01-12 15:53:39.237  INFO 8904 --- [G-PoolService-0] com.bst.wait.ExplicitWait                : Implicit timeout is set to: 320
2024-01-12 15:53:39.279  INFO 8904 --- [G-PoolService-0] com.bst.wait.ExplicitWait                : Implicit timeout is set to: 0
&amp#27;[35mLooking for element: By.name: username&amp#27;[0m
&amp#27;[35mElement By.name: username found&amp#27;[0m
2024-01-12 15:53:39.331  INFO 8904 --- [G-PoolService-0] com.bst.wait.ExplicitWait                : Implicit timeout is set to: 320
&amp#27;[35mLooking for element: By.name: username&amp#27;[0m
&amp#27;[35mElement By.name: username found&amp#27;[0m
2024-01-12 15:53:39.361  INFO 8904 --- [G-PoolService-0] com.bst.wait.ExplicitWait                : Waiting for element to be visible: [[ChromeDriver: chrome on WINDOWS (3142cb4c704877aebb34aa8a571e88e0)] -> name: username]
2024-01-12 15:53:39.361  INFO 8904 --- [G-PoolService-0] com.bst.wait.ExplicitWait                : Waiting for invisibility of element: By.cssSelector: i.fa-spinner
2024-01-12 15:53:39.361  INFO 8904 --- [G-PoolService-0] com.bst.wait.ExplicitWait                : Implicit timeout is set to: 0
&amp#27;[35mLooking for element: By.cssSelector: i.fa-spinner&amp#27;[0m
2024-01-12 15:53:39.391  INFO 8904 --- [G-PoolService-0] com.bst.wait.ExplicitWait                : Implicit timeout is set to: 320
2024-01-12 15:53:39.402  INFO 8904 --- [G-PoolService-0] com.bst.wait.ExplicitWait                : Waiting for invisibility of element: By.cssSelector: .ag-overlay-loading-center
2024-01-12 15:53:39.403  INFO 8904 --- [G-PoolService-0] com.bst.wait.ExplicitWait                : Implicit timeout is set to: 0
&amp#27;[35mLooking for element: By.cssSelector: .ag-overlay-loading-center&amp#27;[0m
2024-01-12 15:53:39.445  INFO 8904 --- [G-PoolService-0] com.bst.wait.ExplicitWait                : Implicit timeout is set to: 320
2024-01-12 15:53:39.450  INFO 8904 --- [G-PoolService-0] com.bst.wait.ExplicitWait                : Waiting for invisibility of element: By.xpath: //*[@class='app-spinner']
2024-01-12 15:53:39.450  INFO 8904 --- [G-PoolService-0] com.bst.wait.ExplicitWait                : Implicit timeout is set to: 0
&amp#27;[35mLooking for element: By.xpath: //*[@class='app-spinner']&amp#27;[0m
2024-01-12 15:53:39.489  INFO 8904 --- [G-PoolService-0] com.bst.wait.ExplicitWait                : Implicit timeout is set to: 320
2024-01-12 15:53:39.530  INFO 8904 --- [G-PoolService-0] com.bst.wait.ExplicitWait                : Implicit timeout is set to: 0
&amp#27;[35mLooking for element: By.name: username&amp#27;[0m
&amp#27;[35mElement By.name: username found&amp#27;[0m
2024-01-12 15:53:39.581  INFO 8904 --- [G-PoolService-0] com.bst.wait.ExplicitWait                : Implicit timeout is set to: 320
&amp#27;[35mLooking for element: By.name: username&amp#27;[0m
&amp#27;[35mElement By.name: username found&amp#27;[0m
&amp#27;[35mChanging value to: null in element: [[ChromeDriver: chrome on WINDOWS (3142cb4c704877aebb34aa8a571e88e0)] -> name: username]&amp#27;[0m
&amp#27;[35mLooking for element: By.name: username&amp#27;[0m
&amp#27;[35mElement By.name: username found&amp#27;[0m
&amp#27;[35mChanging value to: [admin] in element: [[ChromeDriver: chrome on WINDOWS (3142cb4c704877aebb34aa8a571e88e0)] -> name: username]&amp#27;[0m
&amp#27;[35mLooking for element: By.name: password&amp#27;[0m
&amp#27;[35mElement By.name: password found&amp#27;[0m
2024-01-12 15:53:39.929  INFO 8904 --- [G-PoolService-0] com.bst.wait.ExplicitWait                : Waiting for element to be visible: [[ChromeDriver: chrome on WINDOWS (3142cb4c704877aebb34aa8a571e88e0)] -> name: password]
2024-01-12 15:53:39.930  INFO 8904 --- [G-PoolService-0] com.bst.wait.ExplicitWait                : Waiting for invisibility of element: By.cssSelector: i.fa-spinner
2024-01-12 15:53:39.930  INFO 8904 --- [G-PoolService-0] com.bst.wait.ExplicitWait                : Implicit timeout is set to: 0
&amp#27;[35mLooking for element: By.cssSelector: i.fa-spinner&amp#27;[0m
2024-01-12 15:53:39.962  INFO 8904 --- [G-PoolService-0] com.bst.wait.ExplicitWait                : Implicit timeout is set to: 320
2024-01-12 15:53:39.967  INFO 8904 --- [G-PoolService-0] com.bst.wait.ExplicitWait                : Waiting for invisibility of element: By.cssSelector: .ag-overlay-loading-center
2024-01-12 15:53:39.967  INFO 8904 --- [G-PoolService-0] com.bst.wait.ExplicitWait                : Implicit timeout is set to: 0
&amp#27;[35mLooking for element: By.cssSelector: .ag-overlay-loading-center&amp#27;[0m
2024-01-12 15:53:40.010  INFO 8904 --- [G-PoolService-0] com.bst.wait.ExplicitWait                : Implicit timeout is set to: 320
2024-01-12 15:53:40.014  INFO 8904 --- [G-PoolService-0] com.bst.wait.ExplicitWait                : Waiting for invisibility of element: By.xpath: //*[@class='app-spinner']
2024-01-12 15:53:40.014  INFO 8904 --- [G-PoolService-0] com.bst.wait.ExplicitWait                : Implicit timeout is set to: 0
&amp#27;[35mLooking for element: By.xpath: //*[@class='app-spinner']&amp#27;[0m
2024-01-12 15:53:40.054  INFO 8904 --- [G-PoolService-0] com.bst.wait.ExplicitWait                : Implicit timeout is set to: 320
2024-01-12 15:53:40.096  INFO 8904 --- [G-PoolService-0] com.bst.wait.ExplicitWait                : Implicit timeout is set to: 0
&amp#27;[35mLooking for element: By.name: password&amp#27;[0m
&amp#27;[35mElement By.name: password found&amp#27;[0m
2024-01-12 15:53:40.147  INFO 8904 --- [G-PoolService-0] com.bst.wait.ExplicitWait                : Implicit timeout is set to: 320
&amp#27;[35mLooking for element: By.name: password&amp#27;[0m
&amp#27;[35mElement By.name: password found&amp#27;[0m
&amp#27;[35mChanging value to: null in element: [[ChromeDriver: chrome on WINDOWS (3142cb4c704877aebb34aa8a571e88e0)] -> name: password]&amp#27;[0m
&amp#27;[35mLooking for element: By.name: password&amp#27;[0m
&amp#27;[35mElement By.name: password found&amp#27;[0m
&amp#27;[35mChanging value to: [Shadab@123] in element: [[ChromeDriver: chrome on WINDOWS (3142cb4c704877aebb34aa8a571e88e0)] -> name: password]&amp#27;[0m
&amp#27;[35mLooking for element: By.cssSelector: [type='submit']&amp#27;[0m
&amp#27;[35mElement By.cssSelector: [type='submit'] found&amp#27;[0m
&amp#27;[35mClicking on element: [[ChromeDriver: chrome on WINDOWS (3142cb4c704877aebb34aa8a571e88e0)] -> css selector: [type='submit']]&amp#27;[0m
&amp#27;[35mElement: [[ChromeDriver: chrome on WINDOWS (3142cb4c704877aebb34aa8a571e88e0)] -> css selector: [type='submit']] has been clicked&amp#27;[0m
  Given Log in as Admin "admin" user   # com.bst.stepDefinitions.home.LoginPageSteps.logInAsUserNameUser(java.lang.String)
&amp#27;[35mLooking for element: By.cssSelector: [class*='forget-text']&amp#27;[0m
&amp#27;[35mElement By.cssSelector: [class*='forget-text'] found&amp#27;[0m
2024-01-12 15:53:40.793  INFO 8904 --- [G-PoolService-0] com.bst.wait.ExplicitWait                : Waiting for element to be visible: [[ChromeDriver: chrome on WINDOWS (3142cb4c704877aebb34aa8a571e88e0)] -> css selector: [class*='forget-text']]
2024-01-12 15:53:40.794  INFO 8904 --- [G-PoolService-0] com.bst.wait.ExplicitWait                : Waiting for invisibility of element: By.cssSelector: i.fa-spinner
2024-01-12 15:53:40.794  INFO 8904 --- [G-PoolService-0] com.bst.wait.ExplicitWait                : Implicit timeout is set to: 0
&amp#27;[35mLooking for element: By.cssSelector: i.fa-spinner&amp#27;[0m
2024-01-12 15:53:40.835  INFO 8904 --- [G-PoolService-0] com.bst.wait.ExplicitWait                : Implicit timeout is set to: 320
2024-01-12 15:53:40.841  INFO 8904 --- [G-PoolService-0] com.bst.wait.ExplicitWait                : Waiting for invisibility of element: By.cssSelector: .ag-overlay-loading-center
2024-01-12 15:53:40.842  INFO 8904 --- [G-PoolService-0] com.bst.wait.ExplicitWait                : Implicit timeout is set to: 0
&amp#27;[35mLooking for element: By.cssSelector: .ag-overlay-loading-center&amp#27;[0m
2024-01-12 15:53:40.881  INFO 8904 --- [G-PoolService-0] com.bst.wait.ExplicitWait                : Implicit timeout is set to: 320
2024-01-12 15:53:40.887  INFO 8904 --- [G-PoolService-0] com.bst.wait.ExplicitWait                : Waiting for invisibility of element: By.xpath: //*[@class='app-spinner']
2024-01-12 15:53:40.888  INFO 8904 --- [G-PoolService-0] com.bst.wait.ExplicitWait                : Implicit timeout is set to: 0
&amp#27;[35mLooking for element: By.xpath: //*[@class='app-spinner']&amp#27;[0m
2024-01-12 15:53:40.926  INFO 8904 --- [G-PoolService-0] com.bst.wait.ExplicitWait                : Implicit timeout is set to: 320
2024-01-12 15:53:40.968  INFO 8904 --- [G-PoolService-0] com.bst.wait.ExplicitWait                : Implicit timeout is set to: 0
&amp#27;[35mLooking for element: By.cssSelector: [class*='forget-text']&amp#27;[0m
&amp#27;[35mElement By.cssSelector: [class*='forget-text'] found&amp#27;[0m
2024-01-12 15:53:41.019  INFO 8904 --- [G-PoolService-0] com.bst.wait.ExplicitWait                : Implicit timeout is set to: 320
&amp#27;[35mLooking for element: By.cssSelector: [class*='forget-text']&amp#27;[0m
&amp#27;[35mElement By.cssSelector: [class*='forget-text'] found&amp#27;[0m
&amp#27;[35mClicking on element: [[ChromeDriver: chrome on WINDOWS (3142cb4c704877aebb34aa8a571e88e0)] -> css selector: [class*='forget-text']]&amp#27;[0m
&amp#27;[35mElement: [[ChromeDriver: chrome on WINDOWS (3142cb4c704877aebb34aa8a571e88e0)] -> css selector: [class*='forget-text']] has been clicked&amp#27;[0m
&amp#27;[35mLooking for element: By.cssSelector: button i.fa-cog&amp#27;[0m
2024-01-12 15:53:44.018  INFO 8904 --- [G-PoolService-0] com.bst.wait.ExplicitWait                : Waiting for element to be visible: Proxy element for: DefaultElementLocator 'By.cssSelector: button i.fa-cog'
2024-01-12 15:53:44.018  INFO 8904 --- [G-PoolService-0] com.bst.wait.ExplicitWait                : Waiting for invisibility of element: By.cssSelector: i.fa-spinner
2024-01-12 15:53:44.018  INFO 8904 --- [G-PoolService-0] com.bst.wait.ExplicitWait                : Implicit timeout is set to: 0
&amp#27;[35mLooking for element: By.cssSelector: i.fa-spinner&amp#27;[0m
&amp#27;[35mLooking for element: By.cssSelector: i.fa-spinner&amp#27;[0m
&amp#27;[35mLooking for element: By.cssSelector: i.fa-spinner&amp#27;[0m
&amp#27;[35mLooking for element: By.cssSelector: i.fa-spinner&amp#27;[0m
&amp#27;[35mLooking for element: By.cssSelector: i.fa-spinner&amp#27;[0m
&amp#27;[35mLooking for element: By.cssSelector: i.fa-spinner&amp#27;[0m
&amp#27;[35mLooking for element: By.cssSelector: i.fa-spinner&amp#27;[0m
&amp#27;[35mLooking for element: By.cssSelector: i.fa-spinner&amp#27;[0m
&amp#27;[35mLooking for element: By.cssSelector: i.fa-spinner&amp#27;[0m
&amp#27;[35mLooking for element: By.cssSelector: i.fa-spinner&amp#27;[0m
&amp#27;[35mLooking for element: By.cssSelector: i.fa-spinner&amp#27;[0m
&amp#27;[35mLooking for element: By.cssSelector: i.fa-spinner&amp#27;[0m
&amp#27;[35mLooking for element: By.cssSelector: i.fa-spinner&amp#27;[0m
&amp#27;[35mLooking for element: By.cssSelector: i.fa-spinner&amp#27;[0m
&amp#27;[35mLooking for element: By.cssSelector: i.fa-spinner&amp#27;[0m
&amp#27;[35mLooking for element: By.cssSelector: i.fa-spinner&amp#27;[0m
&amp#27;[35mLooking for element: By.cssSelector: i.fa-spinner&amp#27;[0m
&amp#27;[35mLooking for element: By.cssSelector: i.fa-spinner&amp#27;[0m
&amp#27;[35mLooking for element: By.cssSelector: i.fa-spinner&amp#27;[0m
&amp#27;[35mLooking for element: By.cssSelector: i.fa-spinner&amp#27;[0m
&amp#27;[35mLooking for element: By.cssSelector: i.fa-spinner&amp#27;[0m
&amp#27;[35mLooking for element: By.cssSelector: i.fa-spinner&amp#27;[0m
&amp#27;[35mLooking for element: By.cssSelector: i.fa-spinner&amp#27;[0m
&amp#27;[35mLooking for element: By.cssSelector: i.fa-spinner&amp#27;[0m
&amp#27;[35mLooking for element: By.cssSelector: i.fa-spinner&amp#27;[0m
&amp#27;[35mLooking for element: By.cssSelector: i.fa-spinner&amp#27;[0m
&amp#27;[35mLooking for element: By.cssSelector: i.fa-spinner&amp#27;[0m
&amp#27;[35mLooking for element: By.cssSelector: i.fa-spinner&amp#27;[0m
&amp#27;[35mLooking for element: By.cssSelector: i.fa-spinner&amp#27;[0m
&amp#27;[35mLooking for element: By.cssSelector: i.fa-spinner&amp#27;[0m
&amp#27;[35mLooking for element: By.cssSelector: i.fa-spinner&amp#27;[0m
&amp#27;[35mLooking for element: By.cssSelector: i.fa-spinner&amp#27;[0m
&amp#27;[35mLooking for element: By.cssSelector: i.fa-spinner&amp#27;[0m
&amp#27;[35mLooking for element: By.cssSelector: i.fa-spinner&amp#27;[0m
&amp#27;[35mLooking for element: By.cssSelector: i.fa-spinner&amp#27;[0m
&amp#27;[35mLooking for element: By.cssSelector: i.fa-spinner&amp#27;[0m
&amp#27;[35mLooking for element: By.cssSelector: i.fa-spinner&amp#27;[0m
&amp#27;[35mLooking for element: By.cssSelector: i.fa-spinner&amp#27;[0m
&amp#27;[35mLooking for element: By.cssSelector: i.fa-spinner&amp#27;[0m
&amp#27;[35mLooking for element: By.cssSelector: i.fa-spinner&amp#27;[0m
&amp#27;[35mLooking for element: By.cssSelector: i.fa-spinner&amp#27;[0m
&amp#27;[35mLooking for element: By.cssSelector: i.fa-spinner&amp#27;[0m
&amp#27;[35mLooking for element: By.cssSelector: i.fa-spinner&amp#27;[0m
&amp#27;[35mLooking for element: By.cssSelector: i.fa-spinner&amp#27;[0m
&amp#27;[35mLooking for element: By.cssSelector: i.fa-spinner&amp#27;[0m
&amp#27;[35mLooking for element: By.cssSelector: i.fa-spinner&amp#27;[0m
&amp#27;[35mLooking for element: By.cssSelector: i.fa-spinner&amp#27;[0m
&amp#27;[35mLooking for element: By.cssSelector: i.fa-spinner&amp#27;[0m
&amp#27;[35mLooking for element: By.cssSelector: i.fa-spinner&amp#27;[0m
&amp#27;[35mLooking for element: By.cssSelector: i.fa-spinner&amp#27;[0m
&amp#27;[35mLooking for element: By.cssSelector: i.fa-spinner&amp#27;[0m
&amp#27;[35mLooking for element: By.cssSelector: i.fa-spinner&amp#27;[0m
&amp#27;[35mLooking for element: By.cssSelector: i.fa-spinner&amp#27;[0m
&amp#27;[35mLooking for element: By.cssSelector: i.fa-spinner&amp#27;[0m
&amp#27;[35mLooking for element: By.cssSelector: i.fa-spinner&amp#27;[0m
&amp#27;[35mLooking for element: By.cssSelector: i.fa-spinner&amp#27;[0m
&amp#27;[35mLooking for element: By.cssSelector: i.fa-spinner&amp#27;[0m
&amp#27;[35mLooking for element: By.cssSelector: i.fa-spinner&amp#27;[0m
&amp#27;[35mLooking for element: By.cssSelector: i.fa-spinner&amp#27;[0m
&amp#27;[35mLooking for element: By.cssSelector: i.fa-spinner&amp#27;[0m
&amp#27;[35mLooking for element: By.cssSelector: i.fa-spinner&amp#27;[0m
&amp#27;[35mLooking for element: By.cssSelector: i.fa-spinner&amp#27;[0m
&amp#27;[35mLooking for element: By.cssSelector: i.fa-spinner&amp#27;[0m
&amp#27;[35mLooking for element: By.cssSelector: i.fa-spinner&amp#27;[0m
&amp#27;[35mLooking for element: By.cssSelector: i.fa-spinner&amp#27;[0m
&amp#27;[35mLooking for element: By.cssSelector: i.fa-spinner&amp#27;[0m
&amp#27;[35mLooking for element: By.cssSelector: i.fa-spinner&amp#27;[0m
&amp#27;[35mLooking for element: By.cssSelector: i.fa-spinner&amp#27;[0m
&amp#27;[35mLooking for element: By.cssSelector: i.fa-spinner&amp#27;[0m
&amp#27;[35mLooking for element: By.cssSelector: i.fa-spinner&amp#27;[0m
&amp#27;[35mLooking for element: By.cssSelector: i.fa-spinner&amp#27;[0m
&amp#27;[35mLooking for element: By.cssSelector: i.fa-spinner&amp#27;[0m
&amp#27;[35mLooking for element: By.cssSelector: i.fa-spinner&amp#27;[0m
&amp#27;[35mLooking for element: By.cssSelector: i.fa-spinner&amp#27;[0m
&amp#27;[35mLooking for element: By.cssSelector: i.fa-spinner&amp#27;[0m
&amp#27;[35mLooking for element: By.cssSelector: i.fa-spinner&amp#27;[0m
&amp#27;[35mLooking for element: By.cssSelector: i.fa-spinner&amp#27;[0m
&amp#27;[35mLooking for element: By.cssSelector: i.fa-spinner&amp#27;[0m
&amp#27;[35mLooking for element: By.cssSelector: i.fa-spinner&amp#27;[0m
&amp#27;[35mLooking for element: By.cssSelector: i.fa-spinner&amp#27;[0m
&amp#27;[35mLooking for element: By.cssSelector: i.fa-spinner&amp#27;[0m
&amp#27;[35mLooking for element: By.cssSelector: i.fa-spinner&amp#27;[0m
&amp#27;[35mLooking for element: By.cssSelector: i.fa-spinner&amp#27;[0m
&amp#27;[35mLooking for element: By.cssSelector: i.fa-spinner&amp#27;[0m
&amp#27;[35mLooking for element: By.cssSelector: i.fa-spinner&amp#27;[0m
&amp#27;[35mLooking for element: By.cssSelector: i.fa-spinner&amp#27;[0m
&amp#27;[35mLooking for element: By.cssSelector: i.fa-spinner&amp#27;[0m
&amp#27;[35mLooking for element: By.cssSelector: i.fa-spinner&amp#27;[0m
&amp#27;[35mLooking for element: By.cssSelector: i.fa-spinner&amp#27;[0m
&amp#27;[35mLooking for element: By.cssSelector: i.fa-spinner&amp#27;[0m
&amp#27;[35mLooking for element: By.cssSelector: i.fa-spinner&amp#27;[0m
&amp#27;[35mLooking for element: By.cssSelector: i.fa-spinner&amp#27;[0m
&amp#27;[35mLooking for element: By.cssSelector: i.fa-spinner&amp#27;[0m
&amp#27;[35mLooking for element: By.cssSelector: i.fa-spinner&amp#27;[0m
&amp#27;[35mLooking for element: By.cssSelector: i.fa-spinner&amp#27;[0m
&amp#27;[35mLooking for element: By.cssSelector: i.fa-spinner&amp#27;[0m
&amp#27;[35mLooking for element: By.cssSelector: i.fa-spinner&amp#27;[0m
&amp#27;[35mLooking for element: By.cssSelector: i.fa-spinner&amp#27;[0m
&amp#27;[35mLooking for element: By.cssSelector: i.fa-spinner&amp#27;[0m
&amp#27;[35mLooking for element: By.cssSelector: i.fa-spinner&amp#27;[0m
&amp#27;[35mLooking for element: By.cssSelector: i.fa-spinner&amp#27;[0m
&amp#27;[35mLooking for element: By.cssSelector: i.fa-spinner&amp#27;[0m
&amp#27;[35mLooking for element: By.cssSelector: i.fa-spinner&amp#27;[0m
&amp#27;[35mLooking for element: By.cssSelector: i.fa-spinner&amp#27;[0m
&amp#27;[35mLooking for element: By.cssSelector: i.fa-spinner&amp#27;[0m
&amp#27;[35mLooking for element: By.cssSelector: i.fa-spinner&amp#27;[0m
&amp#27;[35mLooking for element: By.cssSelector: i.fa-spinner&amp#27;[0m
&amp#27;[35mLooking for element: By.cssSelector: i.fa-spinner&amp#27;[0m
&amp#27;[35mLooking for element: By.cssSelector: i.fa-spinner&amp#27;[0m
&amp#27;[35mLooking for element: By.cssSelector: i.fa-spinner&amp#27;[0m
&amp#27;[35mLooking for element: By.cssSelector: i.fa-spinner&amp#27;[0m
&amp#27;[35mLooking for element: By.cssSelector: i.fa-spinner&amp#27;[0m
&amp#27;[35mLooking for element: By.cssSelector: i.fa-spinner&amp#27;[0m
&amp#27;[35mLooking for element: By.cssSelector: i.fa-spinner&amp#27;[0m
&amp#27;[35mLooking for element: By.cssSelector: i.fa-spinner&amp#27;[0m
&amp#27;[35mLooking for element: By.cssSelector: i.fa-spinner&amp#27;[0m
&amp#27;[35mLooking for element: By.cssSelector: i.fa-spinner&amp#27;[0m
&amp#27;[35mLooking for element: By.cssSelector: i.fa-spinner&amp#27;[0m
&amp#27;[35mLooking for element: By.cssSelector: i.fa-spinner&amp#27;[0m
&amp#27;[35mLooking for element: By.cssSelector: i.fa-spinner&amp#27;[0m
&amp#27;[35mLooking for element: By.cssSelector: i.fa-spinner&amp#27;[0m
&amp#27;[35mLooking for element: By.cssSelector: i.fa-spinner&amp#27;[0m
&amp#27;[35mLooking for element: By.cssSelector: i.fa-spinner&amp#27;[0m
&amp#27;[35mLooking for element: By.cssSelector: i.fa-spinner&amp#27;[0m
&amp#27;[35mLooking for element: By.cssSelector: i.fa-spinner&amp#27;[0m
&amp#27;[35mLooking for element: By.cssSelector: i.fa-spinner&amp#27;[0m
&amp#27;[35mLooking for element: By.cssSelector: i.fa-spinner&amp#27;[0m
&amp#27;[35mLooking for element: By.cssSelector: i.fa-spinner&amp#27;[0m
&amp#27;[35mLooking for element: By.cssSelector: i.fa-spinner&amp#27;[0m
&amp#27;[35mLooking for element: By.cssSelector: i.fa-spinner&amp#27;[0m
&amp#27;[35mLooking for element: By.cssSelector: i.fa-spinner&amp#27;[0m
&amp#27;[35mLooking for element: By.cssSelector: i.fa-spinner&amp#27;[0m
&amp#27;[35mLooking for element: By.cssSelector: i.fa-spinner&amp#27;[0m
&amp#27;[35mLooking for element: By.cssSelector: i.fa-spinner&amp#27;[0m
&amp#27;[35mLooking for element: By.cssSelector: i.fa-spinner&amp#27;[0m
&amp#27;[35mLooking for element: By.cssSelector: i.fa-spinner&amp#27;[0m
&amp#27;[35mLooking for element: By.cssSelector: i.fa-spinner&amp#27;[0m
&amp#27;[35mLooking for element: By.cssSelector: i.fa-spinner&amp#27;[0m
&amp#27;[35mLooking for element: By.cssSelector: i.fa-spinner&amp#27;[0m
&amp#27;[35mLooking for element: By.cssSelector: i.fa-spinner&amp#27;[0m
&amp#27;[35mLooking for element: By.cssSelector: i.fa-spinner&amp#27;[0m
&amp#27;[35mLooking for element: By.cssSelector: i.fa-spinner&amp#27;[0m
&amp#27;[35mLooking for element: By.cssSelector: i.fa-spinner&amp#27;[0m
&amp#27;[35mLooking for element: By.cssSelector: i.fa-spinner&amp#27;[0m
&amp#27;[35mLooking for element: By.cssSelector: i.fa-spinner&amp#27;[0m
&amp#27;[35mLooking for element: By.cssSelector: i.fa-spinner&amp#27;[0m
&amp#27;[35mLooking for element: By.cssSelector: i.fa-spinner&amp#27;[0m
&amp#27;[35mLooking for element: By.cssSelector: i.fa-spinner&amp#27;[0m
&amp#27;[35mLooking for element: By.cssSelector: i.fa-spinner&amp#27;[0m
&amp#27;[35mLooking for element: By.cssSelector: i.fa-spinner&amp#27;[0m
&amp#27;[35mLooking for element: By.cssSelector: i.fa-spinner&amp#27;[0m
&amp#27;[35mLooking for element: By.cssSelector: i.fa-spinner&amp#27;[0m
&amp#27;[35mLooking for element: By.cssSelector: i.fa-spinner&amp#27;[0m
&amp#27;[35mLooking for element: By.cssSelector: i.fa-spinner&amp#27;[0m
&amp#27;[35mLooking for element: By.cssSelector: i.fa-spinner&amp#27;[0m
&amp#27;[35mLooking for element: By.cssSelector: i.fa-spinner&amp#27;[0m
&amp#27;[35mLooking for element: By.cssSelector: i.fa-spinner&amp#27;[0m
&amp#27;[35mLooking for element: By.cssSelector: i.fa-spinner&amp#27;[0m
&amp#27;[35mLooking for element: By.cssSelector: i.fa-spinner&amp#27;[0m
&amp#27;[35mLooking for element: By.cssSelector: i.fa-spinner&amp#27;[0m
&amp#27;[35mLooking for element: By.cssSelector: i.fa-spinner&amp#27;[0m
&amp#27;[35mLooking for element: By.cssSelector: i.fa-spinner&amp#27;[0m
&amp#27;[35mLooking for element: By.cssSelector: i.fa-spinner&amp#27;[0m
&amp#27;[35mLooking for element: By.cssSelector: i.fa-spinner&amp#27;[0m
&amp#27;[35mLooking for element: By.cssSelector: i.fa-spinner&amp#27;[0m
&amp#27;[35mLooking for element: By.cssSelector: i.fa-spinner&amp#27;[0m
&amp#27;[35mLooking for element: By.cssSelector: i.fa-spinner&amp#27;[0m
&amp#27;[35mLooking for element: By.cssSelector: i.fa-spinner&amp#27;[0m
&amp#27;[35mLooking for element: By.cssSelector: i.fa-spinner&amp#27;[0m
&amp#27;[35mLooking for element: By.cssSelector: i.fa-spinner&amp#27;[0m
&amp#27;[35mLooking for element: By.cssSelector: i.fa-spinner&amp#27;[0m
&amp#27;[35mLooking for element: By.cssSelector: i.fa-spinner&amp#27;[0m
&amp#27;[35mLooking for element: By.cssSelector: i.fa-spinner&amp#27;[0m
&amp#27;[35mLooking for element: By.cssSelector: i.fa-spinner&amp#27;[0m
&amp#27;[35mLooking for element: By.cssSelector: i.fa-spinner&amp#27;[0m
&amp#27;[35mLooking for element: By.cssSelector: i.fa-spinner&amp#27;[0m
&amp#27;[35mLooking for element: By.cssSelector: i.fa-spinner&amp#27;[0m
&amp#27;[35mLooking for element: By.cssSelector: i.fa-spinner&amp#27;[0m
&amp#27;[35mLooking for element: By.cssSelector: i.fa-spinner&amp#27;[0m
&amp#27;[35mLooking for element: By.cssSelector: i.fa-spinner&amp#27;[0m
&amp#27;[35mLooking for element: By.cssSelector: i.fa-spinner&amp#27;[0m
&amp#27;[35mLooking for element: By.cssSelector: i.fa-spinner&amp#27;[0m
&amp#27;[35mLooking for element: By.cssSelector: i.fa-spinner&amp#27;[0m
&amp#27;[35mLooking for element: By.cssSelector: i.fa-spinner&amp#27;[0m
&amp#27;[35mLooking for element: By.cssSelector: i.fa-spinner&amp#27;[0m
&amp#27;[35mLooking for element: By.cssSelector: i.fa-spinner&amp#27;[0m
&amp#27;[35mLooking for element: By.cssSelector: i.fa-spinner&amp#27;[0m
&amp#27;[35mLooking for element: By.cssSelector: i.fa-spinner&amp#27;[0m
&amp#27;[35mLooking for element: By.cssSelector: i.fa-spinner&amp#27;[0m
&amp#27;[35mLooking for element: By.cssSelector: i.fa-spinner&amp#27;[0m
&amp#27;[35mLooking for element: By.cssSelector: i.fa-spinner&amp#27;[0m
&amp#27;[35mLooking for element: By.cssSelector: i.fa-spinner&amp#27;[0m
&amp#27;[35mLooking for element: By.cssSelector: i.fa-spinner&amp#27;[0m
&amp#27;[35mLooking for element: By.cssSelector: i.fa-spinner&amp#27;[0m
&amp#27;[35mLooking for element: By.cssSelector: i.fa-spinner&amp#27;[0m
&amp#27;[35mLooking for element: By.cssSelector: i.fa-spinner&amp#27;[0m
&amp#27;[35mLooking for element: By.cssSelector: i.fa-spinner&amp#27;[0m
&amp#27;[35mLooking for element: By.cssSelector: i.fa-spinner&amp#27;[0m
&amp#27;[35mLooking for element: By.cssSelector: i.fa-spinner&amp#27;[0m
&amp#27;[35mLooking for element: By.cssSelector: i.fa-spinner&amp#27;[0m
&amp#27;[35mLooking for element: By.cssSelector: i.fa-spinner&amp#27;[0m
&amp#27;[35mLooking for element: By.cssSelector: i.fa-spinner&amp#27;[0m
&amp#27;[35mLooking for element: By.cssSelector: i.fa-spinner&amp#27;[0m
&amp#27;[35mLooking for element: By.cssSelector: i.fa-spinner&amp#27;[0m
&amp#27;[35mLooking for element: By.cssSelector: i.fa-spinner&amp#27;[0m
&amp#27;[35mLooking for element: By.cssSelector: i.fa-spinner&amp#27;[0m
&amp#27;[35mLooking for element: By.cssSelector: i.fa-spinner&amp#27;[0m
&amp#27;[35mLooking for element: By.cssSelector: i.fa-spinner&amp#27;[0m
&amp#27;[35mLooking for element: By.cssSelector: i.fa-spinner&amp#27;[0m
&amp#27;[35mLooking for element: By.cssSelector: i.fa-spinner&amp#27;[0m
&amp#27;[35mLooking for element: By.cssSelector: i.fa-spinner&amp#27;[0m
&amp#27;[35mLooking for element: By.cssSelector: i.fa-spinner&amp#27;[0m
&amp#27;[35mLooking for element: By.cssSelector: i.fa-spinner&amp#27;[0m
&amp#27;[35mLooking for element: By.cssSelector: i.fa-spinner&amp#27;[0m
&amp#27;[35mLooking for element: By.cssSelector: i.fa-spinner&amp#27;[0m
&amp#27;[35mLooking for element: By.cssSelector: i.fa-spinner&amp#27;[0m
&amp#27;[35mLooking for element: By.cssSelector: i.fa-spinner&amp#27;[0m
&amp#27;[35mLooking for element: By.cssSelector: i.fa-spinner&amp#27;[0m
&amp#27;[35mLooking for element: By.cssSelector: i.fa-spinner&amp#27;[0m
&amp#27;[35mLooking for element: By.cssSelector: i.fa-spinner&amp#27;[0m
&amp#27;[35mLooking for element: By.cssSelector: i.fa-spinner&amp#27;[0m
&amp#27;[35mLooking for element: By.cssSelector: i.fa-spinner&amp#27;[0m
&amp#27;[35mLooking for element: By.cssSelector: i.fa-spinner&amp#27;[0m
&amp#27;[35mLooking for element: By.cssSelector: i.fa-spinner&amp#27;[0m
&amp#27;[35mLooking for element: By.cssSelector: i.fa-spinner&amp#27;[0m
&amp#27;[35mLooking for element: By.cssSelector: i.fa-spinner&amp#27;[0m
&amp#27;[35mLooking for element: By.cssSelector: i.fa-spinner&amp#27;[0m
&amp#27;[35mLooking for element: By.cssSelector: i.fa-spinner&amp#27;[0m
&amp#27;[35mLooking for element: By.cssSelector: i.fa-spinner&amp#27;[0m
&amp#27;[35mLooking for element: By.cssSelector: i.fa-spinner&amp#27;[0m
&amp#27;[35mLooking for element: By.cssSelector: i.fa-spinner&amp#27;[0m
&amp#27;[35mLooking for element: By.cssSelector: i.fa-spinner&amp#27;[0m
&amp#27;[35mLooking for element: By.cssSelector: i.fa-spinner&amp#27;[0m
&amp#27;[35mLooking for element: By.cssSelector: i.fa-spinner&amp#27;[0m
&amp#27;[35mLooking for element: By.cssSelector: i.fa-spinner&amp#27;[0m
&amp#27;[35mLooking for element: By.cssSelector: i.fa-spinner&amp#27;[0m
&amp#27;[35mLooking for element: By.cssSelector: i.fa-spinner&amp#27;[0m
&amp#27;[35mLooking for element: By.cssSelector: i.fa-spinner&amp#27;[0m
&amp#27;[35mLooking for element: By.cssSelector: i.fa-spinner&amp#27;[0m
&amp#27;[35mLooking for element: By.cssSelector: i.fa-spinner&amp#27;[0m
&amp#27;[35mLooking for element: By.cssSelector: i.fa-spinner&amp#27;[0m
&amp#27;[35mLooking for element: By.cssSelector: i.fa-spinner&amp#27;[0m
&amp#27;[35mLooking for element: By.cssSelector: i.fa-spinner&amp#27;[0m
&amp#27;[35mLooking for element: By.cssSelector: i.fa-spinner&amp#27;[0m
&amp#27;[35mLooking for element: By.cssSelector: i.fa-spinner&amp#27;[0m
&amp#27;[35mLooking for element: By.cssSelector: i.fa-spinner&amp#27;[0m
&amp#27;[35mLooking for element: By.cssSelector: i.fa-spinner&amp#27;[0m
&amp#27;[35mLooking for element: By.cssSelector: i.fa-spinner&amp#27;[0m
&amp#27;[35mLooking for element: By.cssSelector: i.fa-spinner&amp#27;[0m
&amp#27;[35mLooking for element: By.cssSelector: i.fa-spinner&amp#27;[0m
&amp#27;[35mLooking for element: By.cssSelector: i.fa-spinner&amp#27;[0m
&amp#27;[35mLooking for element: By.cssSelector: i.fa-spinner&amp#27;[0m
&amp#27;[35mLooking for element: By.cssSelector: i.fa-spinner&amp#27;[0m
&amp#27;[35mLooking for element: By.cssSelector: i.fa-spinner&amp#27;[0m
&amp#27;[35mLooking for element: By.cssSelector: i.fa-spinner&amp#27;[0m
&amp#27;[35mLooking for element: By.cssSelector: i.fa-spinner&amp#27;[0m
&amp#27;[35mLooking for element: By.cssSelector: i.fa-spinner&amp#27;[0m
&amp#27;[35mLooking for element: By.cssSelector: i.fa-spinner&amp#27;[0m
&amp#27;[35mLooking for element: By.cssSelector: i.fa-spinner&amp#27;[0m
&amp#27;[35mLooking for element: By.cssSelector: i.fa-spinner&amp#27;[0m
&amp#27;[35mLooking for element: By.cssSelector: i.fa-spinner&amp#27;[0m
&amp#27;[35mLooking for element: By.cssSelector: i.fa-spinner&amp#27;[0m
&amp#27;[35mLooking for element: By.cssSelector: i.fa-spinner&amp#27;[0m
&amp#27;[35mLooking for element: By.cssSelector: i.fa-spinner&amp#27;[0m
&amp#27;[35mLooking for element: By.cssSelector: i.fa-spinner&amp#27;[0m
&amp#27;[35mLooking for element: By.cssSelector: i.fa-spinner&amp#27;[0m
&amp#27;[35mLooking for element: By.cssSelector: i.fa-spinner&amp#27;[0m
&amp#27;[35mLooking for element: By.cssSelector: i.fa-spinner&amp#27;[0m
&amp#27;[35mLooking for element: By.cssSelector: i.fa-spinner&amp#27;[0m
&amp#27;[35mLooking for element: By.cssSelector: i.fa-spinner&amp#27;[0m
&amp#27;[35mLooking for element: By.cssSelector: i.fa-spinner&amp#27;[0m
&amp#27;[35mLooking for element: By.cssSelector: i.fa-spinner&amp#27;[0m
&amp#27;[35mLooking for element: By.cssSelector: i.fa-spinner&amp#27;[0m
&amp#27;[35mLooking for element: By.cssSelector: i.fa-spinner&amp#27;[0m
&amp#27;[35mLooking for element: By.cssSelector: i.fa-spinner&amp#27;[0m
&amp#27;[35mLooking for element: By.cssSelector: i.fa-spinner&amp#27;[0m
&amp#27;[35mLooking for element: By.cssSelector: i.fa-spinner&amp#27;[0m
&amp#27;[35mLooking for element: By.cssSelector: i.fa-spinner&amp#27;[0m
&amp#27;[35mLooking for element: By.cssSelector: i.fa-spinner&amp#27;[0m
&amp#27;[35mLooking for element: By.cssSelector: i.fa-spinner&amp#27;[0m
&amp#27;[35mLooking for element: By.cssSelector: i.fa-spinner&amp#27;[0m
&amp#27;[35mLooking for element: By.cssSelector: i.fa-spinner&amp#27;[0m
&amp#27;[35mLooking for element: By.cssSelector: i.fa-spinner&amp#27;[0m
&amp#27;[35mLooking for element: By.cssSelector: i.fa-spinner&amp#27;[0m
&amp#27;[35mLooking for element: By.cssSelector: i.fa-spinner&amp#27;[0m
&amp#27;[35mLooking for element: By.cssSelector: i.fa-spinner&amp#27;[0m
&amp#27;[35mLooking for element: By.cssSelector: i.fa-spinner&amp#27;[0m
&amp#27;[35mLooking for element: By.cssSelector: i.fa-spinner&amp#27;[0m
&amp#27;[35mLooking for element: By.cssSelector: i.fa-spinner&amp#27;[0m
&amp#27;[35mLooking for element: By.cssSelector: i.fa-spinner&amp#27;[0m
&amp#27;[35mLooking for element: By.cssSelector: i.fa-spinner&amp#27;[0m
&amp#27;[35mLooking for element: By.cssSelector: i.fa-spinner&amp#27;[0m
&amp#27;[35mLooking for element: By.cssSelector: i.fa-spinner&amp#27;[0m
&amp#27;[35mLooking for element: By.cssSelector: i.fa-spinner&amp#27;[0m
&amp#27;[35mLooking for element: By.cssSelector: i.fa-spinner&amp#27;[0m
&amp#27;[35mLooking for element: By.cssSelector: i.fa-spinner&amp#27;[0m
&amp#27;[35mLooking for element: By.cssSelector: i.fa-spinner&amp#27;[0m
&amp#27;[35mLooking for element: By.cssSelector: i.fa-spinner&amp#27;[0m
&amp#27;[35mLooking for element: By.cssSelector: i.fa-spinner&amp#27;[0m
&amp#27;[35mLooking for element: By.cssSelector: i.fa-spinner&amp#27;[0m
&amp#27;[35mLooking for element: By.cssSelector: i.fa-spinner&amp#27;[0m
&amp#27;[35mLooking for element: By.cssSelector: i.fa-spinner&amp#27;[0m
&amp#27;[35mLooking for element: By.cssSelector: i.fa-spinner&amp#27;[0m
&amp#27;[35mLooking for element: By.cssSelector: i.fa-spinner&amp#27;[0m
&amp#27;[35mLooking for element: By.cssSelector: i.fa-spinner&amp#27;[0m
&amp#27;[35mLooking for element: By.cssSelector: i.fa-spinner&amp#27;[0m
&amp#27;[35mLooking for element: By.cssSelector: i.fa-spinner&amp#27;[0m
&amp#27;[35mLooking for element: By.cssSelector: i.fa-spinner&amp#27;[0m
&amp#27;[35mLooking for element: By.cssSelector: i.fa-spinner&amp#27;[0m
&amp#27;[35mLooking for element: By.cssSelector: i.fa-spinner&amp#27;[0m
&amp#27;[35mLooking for element: By.cssSelector: i.fa-spinner&amp#27;[0m
&amp#27;[35mLooking for element: By.cssSelector: i.fa-spinner&amp#27;[0m
&amp#27;[35mLooking for element: By.cssSelector: i.fa-spinner&amp#27;[0m
&amp#27;[35mLooking for element: By.cssSelector: i.fa-spinner&amp#27;[0m
&amp#27;[35mLooking for element: By.cssSelector: i.fa-spinner&amp#27;[0m
&amp#27;[35mLooking for element: By.cssSelector: i.fa-spinner&amp#27;[0m
&amp#27;[35mLooking for element: By.cssSelector: i.fa-spinner&amp#27;[0m
&amp#27;[35mLooking for element: By.cssSelector: i.fa-spinner&amp#27;[0m
&amp#27;[35mLooking for element: By.cssSelector: i.fa-spinner&amp#27;[0m
&amp#27;[35mLooking for element: By.cssSelector: i.fa-spinner&amp#27;[0m
&amp#27;[35mLooking for element: By.cssSelector: i.fa-spinner&amp#27;[0m
&amp#27;[35mLooking for element: By.cssSelector: i.fa-spinner&amp#27;[0m
&amp#27;[35mLooking for element: By.cssSelector: i.fa-spinner&amp#27;[0m
&amp#27;[35mLooking for element: By.cssSelector: i.fa-spinner&amp#27;[0m
&amp#27;[35mLooking for element: By.cssSelector: i.fa-spinner&amp#27;[0m
&amp#27;[35mLooking for element: By.cssSelector: i.fa-spinner&amp#27;[0m
&amp#27;[35mLooking for element: By.cssSelector: i.fa-spinner&amp#27;[0m
&amp#27;[35mLooking for element: By.cssSelector: i.fa-spinner&amp#27;[0m
&amp#27;[35mLooking for element: By.cssSelector: i.fa-spinner&amp#27;[0m
&amp#27;[35mLooking for element: By.cssSelector: i.fa-spinner&amp#27;[0m
&amp#27;[35mLooking for element: By.cssSelector: i.fa-spinner&amp#27;[0m
&amp#27;[35mLooking for element: By.cssSelector: i.fa-spinner&amp#27;[0m
&amp#27;[35mLooking for element: By.cssSelector: i.fa-spinner&amp#27;[0m
&amp#27;[35mLooking for element: By.cssSelector: i.fa-spinner&amp#27;[0m
&amp#27;[35mLooking for element: By.cssSelector: i.fa-spinner&amp#27;[0m
&amp#27;[35mLooking for element: By.cssSelector: i.fa-spinner&amp#27;[0m
&amp#27;[35mLooking for element: By.cssSelector: i.fa-spinner&amp#27;[0m
&amp#27;[35mLooking for element: By.cssSelector: i.fa-spinner&amp#27;[0m
&amp#27;[35mLooking for element: By.cssSelector: i.fa-spinner&amp#27;[0m
&amp#27;[35mLooking for element: By.cssSelector: i.fa-spinner&amp#27;[0m
&amp#27;[35mLooking for element: By.cssSelector: i.fa-spinner&amp#27;[0m
&amp#27;[35mLooking for element: By.cssSelector: i.fa-spinner&amp#27;[0m
&amp#27;[35mLooking for element: By.cssSelector: i.fa-spinner&amp#27;[0m
&amp#27;[35mLooking for element: By.cssSelector: i.fa-spinner&amp#27;[0m
&amp#27;[35mLooking for element: By.cssSelector: i.fa-spinner&amp#27;[0m
&amp#27;[35mLooking for element: By.cssSelector: i.fa-spinner&amp#27;[0m
&amp#27;[35mLooking for element: By.cssSelector: i.fa-spinner&amp#27;[0m
&amp#27;[35mLooking for element: By.cssSelector: i.fa-spinner&amp#27;[0m
&amp#27;[35mLooking for element: By.cssSelector: i.fa-spinner&amp#27;[0m
&amp#27;[35mLooking for element: By.cssSelector: i.fa-spinner&amp#27;[0m
&amp#27;[35mLooking for element: By.cssSelector: i.fa-spinner&amp#27;[0m
&amp#27;[35mLooking for element: By.cssSelector: i.fa-spinner&amp#27;[0m
&amp#27;[35mLooking for element: By.cssSelector: i.fa-spinner&amp#27;[0m
&amp#27;[35mLooking for element: By.cssSelector: i.fa-spinner&amp#27;[0m
&amp#27;[35mLooking for element: By.cssSelector: i.fa-spinner&amp#27;[0m
&amp#27;[35mLooking for element: By.cssSelector: i.fa-spinner&amp#27;[0m
&amp#27;[35mLooking for element: By.cssSelector: i.fa-spinner&amp#27;[0m
&amp#27;[35mLooking for element: By.cssSelector: i.fa-spinner&amp#27;[0m
&amp#27;[35mLooking for element: By.cssSelector: i.fa-spinner&amp#27;[0m
&amp#27;[35mLooking for element: By.cssSelector: i.fa-spinner&amp#27;[0m
&amp#27;[35mLooking for element: By.cssSelector: i.fa-spinner&amp#27;[0m
&amp#27;[35mLooking for element: By.cssSelector: i.fa-spinner&amp#27;[0m
&amp#27;[35mLooking for element: By.cssSelector: i.fa-spinner&amp#27;[0m
&amp#27;[35mLooking for element: By.cssSelector: i.fa-spinner&amp#27;[0m
&amp#27;[35mLooking for element: By.cssSelector: i.fa-spinner&amp#27;[0m
&amp#27;[35mLooking for element: By.cssSelector: i.fa-spinner&amp#27;[0m
&amp#27;[35mLooking for element: By.cssSelector: i.fa-spinner&amp#27;[0m
&amp#27;[35mLooking for element: By.cssSelector: i.fa-spinner&amp#27;[0m
&amp#27;[35mLooking for element: By.cssSelector: i.fa-spinner&amp#27;[0m
&amp#27;[35mLooking for element: By.cssSelector: i.fa-spinner&amp#27;[0m
&amp#27;[35mLooking for element: By.cssSelector: i.fa-spinner&amp#27;[0m
&amp#27;[35mLooking for element: By.cssSelector: i.fa-spinner&amp#27;[0m
&amp#27;[35mLooking for element: By.cssSelector: i.fa-spinner&amp#27;[0m
&amp#27;[35mLooking for element: By.cssSelector: i.fa-spinner&amp#27;[0m
&amp#27;[35mLooking for element: By.cssSelector: i.fa-spinner&amp#27;[0m
&amp#27;[35mLooking for element: By.cssSelector: i.fa-spinner&amp#27;[0m
&amp#27;[35mLooking for element: By.cssSelector: i.fa-spinner&amp#27;[0m
&amp#27;[35mLooking for element: By.cssSelector: i.fa-spinner&amp#27;[0m
&amp#27;[35mLooking for element: By.cssSelector: i.fa-spinner&amp#27;[0m
&amp#27;[35mLooking for element: By.cssSelector: i.fa-spinner&amp#27;[0m
&amp#27;[35mLooking for element: By.cssSelector: i.fa-spinner&amp#27;[0m
&amp#27;[35mLooking for element: By.cssSelector: i.fa-spinner&amp#27;[0m
&amp#27;[35mLooking for element: By.cssSelector: i.fa-spinner&amp#27;[0m
&amp#27;[35mLooking for element: By.cssSelector: i.fa-spinner&amp#27;[0m
&amp#27;[35mLooking for element: By.cssSelector: i.fa-spinner&amp#27;[0m
&amp#27;[35mLooking for element: By.cssSelector: i.fa-spinner&amp#27;[0m
&amp#27;[35mLooking for element: By.cssSelector: i.fa-spinner&amp#27;[0m
&amp#27;[35mLooking for element: By.cssSelector: i.fa-spinner&amp#27;[0m
&amp#27;[35mLooking for element: By.cssSelector: i.fa-spinner&amp#27;[0m
&amp#27;[35mLooking for element: By.cssSelector: i.fa-spinner&amp#27;[0m
&amp#27;[35mLooking for element: By.cssSelector: i.fa-spinner&amp#27;[0m
&amp#27;[35mLooking for element: By.cssSelector: i.fa-spinner&amp#27;[0m
&amp#27;[35mLooking for element: By.cssSelector: i.fa-spinner&amp#27;[0m
&amp#27;[35mLooking for element: By.cssSelector: i.fa-spinner&amp#27;[0m
&amp#27;[35mLooking for element: By.cssSelector: i.fa-spinner&amp#27;[0m
&amp#27;[35mLooking for element: By.cssSelector: i.fa-spinner&amp#27;[0m
&amp#27;[35mLooking for element: By.cssSelector: i.fa-spinner&amp#27;[0m
&amp#27;[35mLooking for element: By.cssSelector: i.fa-spinner&amp#27;[0m
&amp#27;[35mLooking for element: By.cssSelector: i.fa-spinner&amp#27;[0m
&amp#27;[35mLooking for element: By.cssSelector: i.fa-spinner&amp#27;[0m
&amp#27;[35mLooking for element: By.cssSelector: i.fa-spinner&amp#27;[0m
&amp#27;[35mLooking for element: By.cssSelector: i.fa-spinner&amp#27;[0m
&amp#27;[35mLooking for element: By.cssSelector: i.fa-spinner&amp#27;[0m
&amp#27;[35mLooking for element: By.cssSelector: i.fa-spinner&amp#27;[0m
&amp#27;[35mLooking for element: By.cssSelector: i.fa-spinner&amp#27;[0m
&amp#27;[35mLooking for element: By.cssSelector: i.fa-spinner&amp#27;[0m
&amp#27;[35mLooking for element: By.cssSelector: i.fa-spinner&amp#27;[0m
&amp#27;[35mLooking for element: By.cssSelector: i.fa-spinner&amp#27;[0m
&amp#27;[35mLooking for element: By.cssSelector: i.fa-spinner&amp#27;[0m
&amp#27;[35mLooking for element: By.cssSelector: i.fa-spinner&amp#27;[0m
&amp#27;[35mLooking for element: By.cssSelector: i.fa-spinner&amp#27;[0m
&amp#27;[35mLooking for element: By.cssSelector: i.fa-spinner&amp#27;[0m
&amp#27;[35mLooking for element: By.cssSelector: i.fa-spinner&amp#27;[0m
&amp#27;[35mLooking for element: By.cssSelector: i.fa-spinner&amp#27;[0m
&amp#27;[35mLooking for element: By.cssSelector: i.fa-spinner&amp#27;[0m
&amp#27;[35mLooking for element: By.cssSelector: i.fa-spinner&amp#27;[0m
&amp#27;[35mLooking for element: By.cssSelector: i.fa-spinner&amp#27;[0m
&amp#27;[35mLooking for element: By.cssSelector: i.fa-spinner&amp#27;[0m
&amp#27;[35mLooking for element: By.cssSelector: i.fa-spinner&amp#27;[0m
&amp#27;[35mLooking for element: By.cssSelector: i.fa-spinner&amp#27;[0m
&amp#27;[35mLooking for element: By.cssSelector: i.fa-spinner&amp#27;[0m
&amp#27;[35mLooking for element: By.cssSelector: i.fa-spinner&amp#27;[0m
&amp#27;[35mLooking for element: By.cssSelector: i.fa-spinner&amp#27;[0m
&amp#27;[35mLooking for element: By.cssSelector: i.fa-spinner&amp#27;[0m
&amp#27;[35mLooking for element: By.cssSelector: i.fa-spinner&amp#27;[0m
&amp#27;[35mLooking for element: By.cssSelector: i.fa-spinner&amp#27;[0m
&amp#27;[35mLooking for element: By.cssSelector: i.fa-spinner&amp#27;[0m
&amp#27;[35mLooking for element: By.cssSelector: i.fa-spinner&amp#27;[0m
&amp#27;[35mLooking for element: By.cssSelector: i.fa-spinner&amp#27;[0m
&amp#27;[35mLooking for element: By.cssSelector: i.fa-spinner&amp#27;[0m
&amp#27;[35mLooking for element: By.cssSelector: i.fa-spinner&amp#27;[0m
&amp#27;[35mLooking for element: By.cssSelector: i.fa-spinner&amp#27;[0m
&amp#27;[35mLooking for element: By.cssSelector: i.fa-spinner&amp#27;[0m
&amp#27;[35mLooking for element: By.cssSelector: i.fa-spinner&amp#27;[0m
&amp#27;[35mLooking for element: By.cssSelector: i.fa-spinner&amp#27;[0m
&amp#27;[35mLooking for element: By.cssSelector: i.fa-spinner&amp#27;[0m
&amp#27;[35mLooking for element: By.cssSelector: i.fa-spinner&amp#27;[0m
&amp#27;[35mLooking for element: By.cssSelector: i.fa-spinner&amp#27;[0m
&amp#27;[35mLooking for element: By.cssSelector: i.fa-spinner&amp#27;[0m
&amp#27;[35mLooking for element: By.cssSelector: i.fa-spinner&amp#27;[0m
&amp#27;[35mLooking for element: By.cssSelector: i.fa-spinner&amp#27;[0m
&amp#27;[35mLooking for element: By.cssSelector: i.fa-spinner&amp#27;[0m
&amp#27;[35mLooking for element: By.cssSelector: i.fa-spinner&amp#27;[0m
&amp#27;[35mLooking for element: By.cssSelector: i.fa-spinner&amp#27;[0m
&amp#27;[35mLooking for element: By.cssSelector: i.fa-spinner&amp#27;[0m
&amp#27;[35mLooking for element: By.cssSelector: i.fa-spinner&amp#27;[0m
&amp#27;[35mLooking for element: By.cssSelector: i.fa-spinner&amp#27;[0m
&amp#27;[35mLooking for element: By.cssSelector: i.fa-spinner&amp#27;[0m
&amp#27;[35mLooking for element: By.cssSelector: i.fa-spinner&amp#27;[0m
&amp#27;[35mLooking for element: By.cssSelector: i.fa-spinner&amp#27;[0m
&amp#27;[35mLooking for element: By.cssSelector: i.fa-spinner&amp#27;[0m
  When go to case system settings page # com.bst.stepDefinitions.home.HomePageSteps.goToSystemSettingsPage()
      org.openqa.selenium.TimeoutException: Expected condition failed: waiting for element to no longer be visible: By.cssSelector: i.fa-spinner (tried for 100 second(s) with 200 milliseconds interval)
	at org.openqa.selenium.support.ui.WebDriverWait.timeoutException(WebDriverWait.java:95)
	at org.openqa.selenium.support.ui.FluentWait.until(FluentWait.java:272)
	at com.bst.wait.ExplicitWait.waitFor(ExplicitWait.java:205)
	at com.bst.wait.ExplicitWait.waitForInvisibilityOfElement(ExplicitWait.java:148)
	at com.bst.wait.ExplicitWait.forPage(ExplicitWait.java:158)
	at com.bst.wait.ExplicitWait.forPage(ExplicitWait.java:152)
	at com.bst.wait.ExplicitWait.waitForElementToBeVisible(ExplicitWait.java:85)
	at com.bst.wait.ExplicitWait.waitForElementToBeVisible(ExplicitWait.java:70)
	at com.bst.stepDefinitions.home.HomePageSteps.goToSystemSettingsPage(HomePageSteps.java:18)
	at âœ½.go to case system settings page(file:///C:/Users/Admin/Downloads/demo-automation/ui_AutomationBlack/src/test/java/com/bst/features/test.feature:6)
Caused by: org.openqa.selenium.NoSuchWindowException: no such window: target window already closed
from unknown error: web view not found
  (Session info: chrome=120.0.6099.217)
Build info: version: '3.141.59', revision: 'e82be7d358', time: '2018-11-14T08:17:03'
System info: host: 'NEW8', ip: '192.168.1.14', os.name: 'Windows 10', os.arch: 'amd64', os.version: '10.0', java.version: '1.8.0_202'
Driver info: org.openqa.selenium.chrome.ChromeDriver
Capabilities {acceptInsecureCerts: false, browserName: chrome, browserVersion: 120.0.6099.217, chrome: {chromedriverVersion: 120.0.6099.109 (3419140ab66..., userDataDir: C:\Users\Admin\AppData\Loca...}, fedcm:accounts: true, goog:chromeOptions: {debuggerAddress: localhost:53387}, javascriptEnabled: true, networkConnectionEnabled: false, pageLoadStrategy: normal, platform: WINDOWS, platformName: WINDOWS, proxy: Proxy(), setWindowRect: true, strictFileInteractability: false, timeouts: {implicit: 0, pageLoad: 300000, script: 30000}, unhandledPromptBehavior: dismiss and notify, webauthn:extension:credBlob: true, webauthn:extension:largeBlob: true, webauthn:extension:minPinLength: true, webauthn:extension:prf: true, webauthn:virtualAuthenticators: true}
Session ID: 3142cb4c704877aebb34aa8a571e88e0
*** Element info: {Using=css selector, value=i.fa-spinner}
	at sun.reflect.GeneratedConstructorAccessor20.newInstance(Unknown Source)
	at sun.reflect.DelegatingConstructorAccessorImpl.newInstance(DelegatingConstructorAccessorImpl.java:45)
	at java.lang.reflect.Constructor.newInstance(Constructor.java:423)
	at org.openqa.selenium.remote.http.W3CHttpResponseCodec.createException(W3CHttpResponseCodec.java:187)
	at org.openqa.selenium.remote.http.W3CHttpResponseCodec.decode(W3CHttpResponseCodec.java:122)
	at org.openqa.selenium.remote.http.W3CHttpResponseCodec.decode(W3CHttpResponseCodec.java:49)
	at org.openqa.selenium.remote.HttpCommandExecutor.execute(HttpCommandExecutor.java:158)
	at org.openqa.selenium.remote.service.DriverCommandExecutor.execute(DriverCommandExecutor.java:83)
	at org.openqa.selenium.remote.RemoteWebDriver.execute(RemoteWebDriver.java:552)
	at org.openqa.selenium.remote.RemoteWebDriver.findElement(RemoteWebDriver.java:323)
	at org.openqa.selenium.remote.RemoteWebDriver.findElementByCssSelector(RemoteWebDriver.java:420)
	at org.openqa.selenium.By$ByCssSelector.findElement(By.java:431)
	at org.openqa.selenium.remote.RemoteWebDriver.findElement(RemoteWebDriver.java:315)
	at sun.reflect.GeneratedMethodAccessor24.invoke(Unknown Source)
	at sun.reflect.DelegatingMethodAccessorImpl.invoke(DelegatingMethodAccessorImpl.java:43)
	at java.lang.reflect.Method.invoke(Method.java:498)
	at org.openqa.selenium.support.events.EventFiringWebDriver.lambda$new$1(EventFiringWebDriver.java:105)
	at com.sun.proxy.$Proxy60.findElement(Unknown Source)
	at org.openqa.selenium.support.events.EventFiringWebDriver.findElement(EventFiringWebDriver.java:194)
	at org.openqa.selenium.support.ui.ExpectedConditions$20.apply(ExpectedConditions.java:577)
	at org.openqa.selenium.support.ui.ExpectedConditions$20.apply(ExpectedConditions.java:573)
	at org.openqa.selenium.support.ui.FluentWait.until(FluentWait.java:249)
	at com.bst.wait.ExplicitWait.waitFor(ExplicitWait.java:205)
	at com.bst.wait.ExplicitWait.waitForInvisibilityOfElement(ExplicitWait.java:148)
	at com.bst.wait.ExplicitWait.forPage(ExplicitWait.java:158)
	at com.bst.wait.ExplicitWait.forPage(ExplicitWait.java:152)
	at com.bst.wait.ExplicitWait.waitForElementToBeVisible(ExplicitWait.java:85)
	at com.bst.wait.ExplicitWait.waitForElementToBeVisible(ExplicitWait.java:70)
	at com.bst.stepDefinitions.home.HomePageSteps.goToSystemSettingsPage(HomePageSteps.java:18)
	at sun.reflect.NativeMethodAccessorImpl.invoke0(Native Method)
	at sun.reflect.NativeMethodAccessorImpl.invoke(NativeMethodAccessorImpl.java:62)
	at sun.reflect.DelegatingMethodAccessorImpl.invoke(DelegatingMethodAccessorImpl.java:43)
	at java.lang.reflect.Method.invoke(Method.java:498)
	at io.cucumber.java.Invoker.doInvoke(Invoker.java:66)
	at io.cucumber.java.Invoker.invoke(Invoker.java:24)
	at io.cucumber.java.AbstractGlueDefinition.invokeMethod(AbstractGlueDefinition.java:47)
	at io.cucumber.java.JavaStepDefinition.execute(JavaStepDefinition.java:29)
	at io.cucumber.core.runner.CoreStepDefinition.execute(CoreStepDefinition.java:66)
	at io.cucumber.core.runner.PickleStepDefinitionMatch.runStep(PickleStepDefinitionMatch.java:63)
	at io.cucumber.core.runner.ExecutionMode$1.execute(ExecutionMode.java:10)
	at io.cucumber.core.runner.TestStep.executeStep(TestStep.java:92)
	at io.cucumber.core.runner.TestStep.run(TestStep.java:64)
	at io.cucumber.core.runner.PickleStepTestStep.run(PickleStepTestStep.java:51)
	at io.cucumber.core.runner.TestCase.run(TestCase.java:104)
	at io.cucumber.core.runner.Runner.runPickle(Runner.java:71)
	at io.cucumber.testng.TestNGCucumberRunner.lambda$runScenario$0(TestNGCucumberRunner.java:116)
	at io.cucumber.core.runtime.CucumberExecutionContext.runTestCase(CucumberExecutionContext.java:117)
	at io.cucumber.testng.TestNGCucumberRunner.runScenario(TestNGCucumberRunner.java:113)
	at io.cucumber.testng.AbstractTestNGCucumberTests.runScenario(AbstractTestNGCucumberTests.java:31)
	at sun.reflect.NativeMethodAccessorImpl.invoke0(Native Method)
	at sun.reflect.NativeMethodAccessorImpl.invoke(NativeMethodAccessorImpl.java:62)
	at sun.reflect.DelegatingMethodAccessorImpl.invoke(DelegatingMethodAccessorImpl.java:43)
	at java.lang.reflect.Method.invoke(Method.java:498)
	at org.testng.internal.MethodInvocationHelper.invokeMethod(MethodInvocationHelper.java:132)
	at org.testng.internal.TestInvoker.invokeMethod(TestInvoker.java:599)
	at org.testng.internal.TestInvoker.invokeTestMethod(TestInvoker.java:174)
	at org.testng.internal.TestMethodWithDataProviderMethodWorker.call(TestMethodWithDataProviderMethodWorker.java:77)
	at org.testng.internal.TestMethodWithDataProviderMethodWorker.call(TestMethodWithDataProviderMethodWorker.java:15)
	at java.util.concurrent.FutureTask.run(FutureTask.java:266)
	at java.util.concurrent.Executors$RunnableAdapter.call(Executors.java:511)
	at java.util.concurrent.FutureTask.run(FutureTask.java:266)
	at java.util.concurrent.ThreadPoolExecutor.runWorker(ThreadPoolExecutor.java:1149)
	at java.util.concurrent.ThreadPoolExecutor$Worker.run(ThreadPoolExecutor.java:624)
	at java.lang.Thread.run(Thread.java:748)

 ❌ &amp#27;[1;31m[Scenario failed]: test as a Admin user&amp#27;[0m
      org.openqa.selenium.NoSuchWindowException: no such window: target window already closed
from unknown error: web view not found
  (Session info: chrome=120.0.6099.217)
Build info: version: '3.141.59', revision: 'e82be7d358', time: '2018-11-14T08:17:03'
System info: host: 'NEW8', ip: '192.168.1.14', os.name: 'Windows 10', os.arch: 'amd64', os.version: '10.0', java.version: '1.8.0_202'
Driver info: org.openqa.selenium.chrome.ChromeDriver
Capabilities {acceptInsecureCerts: false, browserName: chrome, browserVersion: 120.0.6099.217, chrome: {chromedriverVersion: 120.0.6099.109 (3419140ab66..., userDataDir: C:\Users\Admin\AppData\Loca...}, fedcm:accounts: true, goog:chromeOptions: {debuggerAddress: localhost:53387}, javascriptEnabled: true, networkConnectionEnabled: false, pageLoadStrategy: normal, platform: WINDOWS, platformName: WINDOWS, proxy: Proxy(), setWindowRect: true, strictFileInteractability: false, timeouts: {implicit: 0, pageLoad: 300000, script: 30000}, unhandledPromptBehavior: dismiss and notify, webauthn:extension:credBlob: true, webauthn:extension:largeBlob: true, webauthn:extension:minPinLength: true, webauthn:extension:prf: true, webauthn:virtualAuthenticators: true}
Session ID: 3142cb4c704877aebb34aa8a571e88e0
	at sun.reflect.GeneratedConstructorAccessor20.newInstance(Unknown Source)
	at sun.reflect.DelegatingConstructorAccessorImpl.newInstance(DelegatingConstructorAccessorImpl.java:45)
	at java.lang.reflect.Constructor.newInstance(Constructor.java:423)
	at org.openqa.selenium.remote.http.W3CHttpResponseCodec.createException(W3CHttpResponseCodec.java:187)
	at org.openqa.selenium.remote.http.W3CHttpResponseCodec.decode(W3CHttpResponseCodec.java:122)
	at org.openqa.selenium.remote.http.W3CHttpResponseCodec.decode(W3CHttpResponseCodec.java:49)
	at org.openqa.selenium.remote.HttpCommandExecutor.execute(HttpCommandExecutor.java:158)
	at org.openqa.selenium.remote.service.DriverCommandExecutor.execute(DriverCommandExecutor.java:83)
	at org.openqa.selenium.remote.RemoteWebDriver.execute(RemoteWebDriver.java:552)
	at org.openqa.selenium.remote.RemoteWebDriver.execute(RemoteWebDriver.java:609)
	at org.openqa.selenium.remote.RemoteWebDriver.getScreenshotAs(RemoteWebDriver.java:295)
	at sun.reflect.NativeMethodAccessorImpl.invoke0(Native Method)
	at sun.reflect.NativeMethodAccessorImpl.invoke(NativeMethodAccessorImpl.java:62)
	at sun.reflect.DelegatingMethodAccessorImpl.invoke(DelegatingMethodAccessorImpl.java:43)
	at java.lang.reflect.Method.invoke(Method.java:498)
	at org.openqa.selenium.support.events.EventFiringWebDriver.lambda$new$1(EventFiringWebDriver.java:105)
	at com.sun.proxy.$Proxy60.getScreenshotAs(Unknown Source)
	at org.openqa.selenium.support.events.EventFiringWebDriver.getScreenshotAs(EventFiringWebDriver.java:302)
	at com.bst.cucumber.CucumberTest.afterScenario(CucumberTest.java:89)

]]></system-out>
    <system-err><![CDATA[SLF4J: Class path contains multiple SLF4J bindings.
SLF4J: Found binding in [jar:file:/C:/Users/Admin/.m2/repository/ch/qos/logback/logback-classic/1.2.3/logback-classic-1.2.3.jar!/org/slf4j/impl/StaticLoggerBinder.class]
SLF4J: Found binding in [jar:file:/C:/Users/Admin/.m2/repository/org/apache/logging/log4j/log4j-slf4j-impl/2.13.3/log4j-slf4j-impl-2.13.3.jar!/org/slf4j/impl/StaticLoggerBinder.class]
SLF4J: Found binding in [jar:file:/C:/Users/Admin/.m2/repository/org/slf4j/slf4j-simple/1.7.30/slf4j-simple-1.7.30.jar!/org/slf4j/impl/StaticLoggerBinder.class]
SLF4J: See http://www.slf4j.org/codes.html#multiple_bindings for an explanation.
SLF4J: Actual binding is of type [ch.qos.logback.classic.util.ContextSelectorStaticBinder]
Starting ChromeDriver 120.0.6099.109 (3419140ab665596f21b385ce136419fde0924272-refs/branch-heads/6099@{#1483}) on port 5034
Only local connections are allowed.
Please see https://chromedriver.chromium.org/security-considerations for suggestions on keeping ChromeDriver safe.
ChromeDriver was started successfully.
]]></system-err>
  </testcase>
</testsuite>