<?xml version="1.0" encoding="UTF-8"?>
<testng-results skipped="0" failed="0" ignored="0" total="1" passed="1">
  <reporter-output>
  </reporter-output>
  <suite name="Surefire suite" duration-ms="13729" started-at="2024-01-11T15:28:20 IST" finished-at="2024-01-11T15:28:34 IST">
    <groups>
      <group name="cucumber">
        <method signature="AbstractTestNGCucumberTests.runScenario(io.cucumber.testng.PickleWrapper, io.cucumber.testng.FeatureWrapper)[pri:0, instance:com.bst.cucumber.CucumberTest@1b26f7b2]" name="runScenario" class="io.cucumber.testng.AbstractTestNGCucumberTests"/>
      </group> <!-- cucumber -->
    </groups>
    <test name="Surefire test" duration-ms="13729" started-at="2024-01-11T15:28:20 IST" finished-at="2024-01-11T15:28:34 IST">
      <class name="com.bst.cucumber.CucumberTest">
        <test-method status="PASS" signature="setUpClass()[pri:0, instance:com.bst.cucumber.CucumberTest@1b26f7b2]" name="setUpClass" is-config="true" duration-ms="317" started-at="2024-01-11T15:28:20 IST" finished-at="2024-01-11T15:28:21 IST">
          <reporter-output>
          </reporter-output>
        </test-method> <!-- setUpClass -->
        <test-method status="PASS" signature="beforeTestRun()[pri:0, instance:com.bst.cucumber.CucumberTest@1b26f7b2]" name="beforeTestRun" is-config="true" duration-ms="1" started-at="2024-01-11T15:28:21 IST" finished-at="2024-01-11T15:28:21 IST">
          <reporter-output>
          </reporter-output>
        </test-method> <!-- beforeTestRun -->
        <test-method status="PASS" signature="runScenario(io.cucumber.testng.PickleWrapper, io.cucumber.testng.FeatureWrapper)[pri:0, instance:com.bst.cucumber.CucumberTest@1b26f7b2]" name="runScenario" duration-ms="13150" started-at="2024-01-11T15:28:21 IST" description="Runs Cucumber Scenarios" data-provider="scenarios" finished-at="2024-01-11T15:28:34 IST">
          <params>
            <param index="0">
              <value>
                <![CDATA["Login as a Admin user"]]>
              </value>
            </param>
            <param index="1">
              <value>
                <![CDATA["Optional[Login feature]"]]>
              </value>
            </param>
          </params>
          <reporter-output>
          </reporter-output>
        </test-method> <!-- runScenario -->
        <test-method status="PASS" signature="afterTestRun()[pri:0, instance:com.bst.cucumber.CucumberTest@1b26f7b2]" name="afterTestRun" is-config="true" duration-ms="5" started-at="2024-01-11T15:28:34 IST" finished-at="2024-01-11T15:28:34 IST">
          <reporter-output>
          </reporter-output>
        </test-method> <!-- afterTestRun -->
        <test-method status="PASS" signature="tearDownClass()[pri:0, instance:com.bst.cucumber.CucumberTest@1b26f7b2]" name="tearDownClass" is-config="true" duration-ms="222" started-at="2024-01-11T15:28:34 IST" finished-at="2024-01-11T15:28:34 IST">
          <reporter-output>
          </reporter-output>
        </test-method> <!-- tearDownClass -->
      </class> <!-- com.bst.cucumber.CucumberTest -->
    </test> <!-- Surefire test -->
  </suite> <!-- Surefire suite -->
</testng-results>
